<?xml version="1.0" encoding="UTF-8"?>
<!-- Generated by org.testng.reporters.JUnitReportReporter -->
<testsuite hostname="RAKHI" failures="0" tests="1" name="com.aari.nop.Nop" time="1.269" errors="0" timestamp="28 Aug 2024 13:32:54 GMT" skipped="0">
  <testcase classname="com.aari.nop.Nop" name="launch" time="1.269"/>
</testsuite> <!-- com.aari.nop.Nop -->
